This is XeTeX, Version 3.14159265-2.6-0.999991 (TeX Live 2019) (preloaded format=xelatex 2020.1.13)  14 AUG 2020 01:31
entering extended mode
 restricted \write18 enabled.
 file:line:error style messages enabled.
 %&-line parsing enabled.
**/Users/valarian/SJTU/SJTU/毕业论文/SharingBikeMaintainence/latex/CCC-LaTeX-v2.0/sample_chinese
(/Users/valarian/SJTU/SJTU/毕业论文/SharingBikeMaintainence/latex/CCC-LaTeX-v2.0/sample_chinese.tex
LaTeX2e <2019-10-01> patch level 3
(./cccconf.cls
Document Class: cccconf 2010/02/10
(/usr/local/texlive/2019basic/texmf-dist/tex/latex/base/article.cls
Document Class: article 2019/10/25 v1.4k Standard LaTeX document class
(/usr/local/texlive/2019basic/texmf-dist/tex/latex/base/size10.clo
File: size10.clo 2019/10/25 v1.4k Standard LaTeX file (size option)
)
\c@part=\count80
\c@section=\count81
\c@subsection=\count82
\c@subsubsection=\count83
\c@paragraph=\count84
\c@subparagraph=\count85
\c@figure=\count86
\c@table=\count87
\abovecaptionskip=\skip41
\belowcaptionskip=\skip42
\bibindent=\dimen102
) (/usr/local/texlive/2019basic/texmf-dist/tex/latex/preprint/balance.sty
Package: balance 1999/02/23 4.3 (PWD)
\oldvsize=\dimen103
) (/usr/local/texlive/2019basic/texmf-dist/tex/latex/psnfss/times.sty
Package: times 2005/04/12 PSNFSS-v9.2a (SPQR) 
)

! LaTeX Error: File `cctbase.sty' not found.

Type X to quit or <RETURN> to proceed,
or enter new name. (Default extension: sty)

Enter file name: 
./cccconf.cls:59: Emergency stop.
<read *> 
         
l.59   \RequirePackage[CJK]{cctbase}[2003/01/10]
                                                ^^M
*** (cannot \read from terminal in nonstop modes)

 
Here is how much of TeX's memory you used:
 266 strings out of 493983
 3469 string characters out of 6161157
 62449 words of memory out of 5000000
 4747 multiletter control sequences out of 15000+600000
 3648 words of font info for 15 fonts, out of 8000000 for 9000
 319 hyphenation exceptions out of 8191
 30i,0n,25p,313b,40s stack positions out of 5000i,500n,10000p,200000b,80000s
No pages of output.
